2020-06-27 21:38:59
select patente from auto where id_auto = '3'
2020-06-27 21:39:51
select * from auto where id_auto = '3'
2020-06-27 21:41:49
select * from auto where id_auto = '3'
2020-06-27 21:43:47
select * from auto where id_auto = '3'
2020-06-27 21:45:54
select * from auto where id_auto = '3'
2020-06-27 21:54:03
select patente from auto where id_auto = '3'
2020-06-27 21:54:42
select patente from auto where id_auto = '3'
2020-06-27 21:57:34
select patente from auto where id_auto = '3'
2020-06-27 22:10:31
select patente from auto where id_auto = '3'
2020-06-27 22:15:06
select patente, telefono from auto where id_auto = '3'
2020-06-27 22:28:02
select patente, telefono from auto where id_auto = '3'
2020-06-29 01:11:22
select patente, telefono from auto where id_auto = '5'
2020-06-29 01:15:59
select patente, telefono from auto where id_auto = '3'
2020-06-29 01:16:21
select patente, telefono from auto where id_auto = '5'
2020-06-29 15:44:38
select patente, telefono from auto where patente = 'ZZZ123'
2020-06-29 15:45:20
select patente, telefono from auto where patente = 'ZZY123'
2020-07-04 19:46:26
select patente, telefono from auto where patente = 'ABC150'
2020-07-04 19:51:02
select patente, telefono from auto where patente = 'ABC456'
2020-07-04 19:51:22
select patente, telefono from auto where patente = 'AAA123'
2020-07-04 19:52:57
select patente, telefono from auto where patente = 'AAA127'
2020-07-04 19:53:31
select patente, telefono from auto where patente = 'AAA127'
2020-07-04 19:54:42
select patente, telefono from auto where patente = 'AAA123'
2020-07-04 19:54:55
select patente, telefono from auto where patente = 'AAA123'
2020-07-04 19:54:59
select patente, telefono from auto where patente = 'AAA125'
2020-07-04 19:57:48
select patente, telefono from auto where patente = 'AAA123'
2020-07-04 19:59:03
select patente, telefono from auto where patente = 'BBB678'
2020-07-04 20:24:21
select patente, telefono from auto where patente = 'AAA123'
2020-07-04 20:40:57
select patente, telefono from auto where patente = 'AAA123'
2020-07-04 20:47:50
select patente, telefono from auto where patente = 'AAA123'
2020-07-04 20:57:54
select patente, telefono from auto where patente = 'AAA123'
2020-07-04 21:07:21
select patente, telefono from auto where patente = 'ZZZ456'
2020-07-04 21:08:24
select patente, telefono from auto where patente = 'ZZZ456'
2020-07-04 21:09:45
select patente, telefono from auto where patente = 'AAA123'
2020-07-04 21:10:25
select patente, telefono from auto where patente = 'ZZZ123'
2020-07-05 03:46:25
select patente, telefono from auto where patente = 'ZZY123'
2020-07-05 03:46:57
select patente, telefono from auto where patente = 'ZZZ123'
2020-07-05 03:51:05
select patente, telefono from auto where patente = 'ZZZ123'
2020-07-05 03:52:20
select patente, telefono from auto where patente = 'ZZZ123'
2020-07-05 04:00:23
select patente, telefono from auto where patente = 'ZZZ123'
2020-07-05 04:09:01
select patente, telefono from auto where patente = 'ZZZ123'
2020-07-05 04:13:33
select patente, telefono from auto where patente = 'ZZZ123'
2020-07-05 04:29:07
select patente, telefono from auto where patente = 'ZZZ123'
2020-07-05 21:25:56
select patente, telefono from auto where patente = 'ZZZ123'
2020-07-05 21:26:46
select id_auto from auto where patente = 'ZZZ123'
2020-07-05 21:26:46
INSERT INTO estaciona_en (auto_id, slot_id, f_inicial) VALUES ('3','01', CURRENT_TIMESTAMP)
2020-07-05 21:26:46
SELECT id FROM estaciona_en ORDER BY id DESC LIMIT 1
2020-07-05 21:39:37
select patente, telefono from auto where patente = 'ZZZ123'
2020-07-05 21:40:05
select id_auto from auto where patente = 'ZZZ123'
2020-07-05 21:40:05
INSERT INTO estaciona_en (auto_id, slot_id, f_inicial) VALUES ('3','01', CURRENT_TIMESTAMP)
2020-07-05 21:40:05
SELECT id FROM estaciona_en ORDER BY id DESC LIMIT 1
2020-07-05 21:40:48
UPDATE estaciona_en SET f_final = NOW() WHERE id = '25'
2020-07-05 21:41:43
select patente, telefono from auto where patente = 'ZZZ123'
2020-07-05 21:42:19
select id_auto from auto where patente = 'ZZZ123'
2020-07-05 21:42:19
INSERT INTO estaciona_en (auto_id, slot_id, f_inicial) VALUES ('3','10', CURRENT_TIMESTAMP)
2020-07-05 21:42:19
SELECT id FROM estaciona_en ORDER BY id DESC LIMIT 1
2020-07-05 21:43:04
UPDATE estaciona_en SET f_final = NOW() WHERE id = '26'
2020-07-06 01:48:04
select patente, telefono from auto where patente = 'ZZZ123'
2020-07-06 03:16:16
select patente, telefono from auto where patente = 'ZZZ123'
2020-07-06 03:21:18
select patente, telefono from auto where patente = 'ZZZ123'
2020-07-06 03:23:59
select patente, telefono from auto where patente = 'ZZZ123'
2020-07-06 03:28:25
select patente, telefono from auto where patente = 'ZZZ123'
2020-07-06 03:28:37
select patente, telefono from auto where patente = 'ZZZ123'
2020-07-06 03:28:45
select patente, telefono from auto where patente = 'ZZZ123'
2020-07-06 03:32:10
select patente, telefono from auto where patente = 'ZZZ123'
2020-07-06 03:33:39
select patente, telefono from auto where patente = 'ZZZ123'
2020-07-06 03:37:42
select patente, telefono from auto where patente = 'ZZZ123'
2020-07-06 03:42:25
select patente, telefono from auto where patente = 'ZZZ123'
2020-07-06 03:56:33
select patente, telefono from auto where patente = 'ZZZ123'
2020-07-06 05:19:03
UPDATE estaciona_en SET f_final = NOW() WHERE id = 'error'
2020-07-06 05:28:58
UPDATE estaciona_en SET f_final = NOW() WHERE id = 'error'
2020-07-06 05:34:19
UPDATE estaciona_en SET f_final = NOW() WHERE id = 'error'
2020-07-06 05:37:54
UPDATE estaciona_en SET f_final = NOW() WHERE id = 'error'
2020-07-06 05:44:52
UPDATE estaciona_en SET f_final = NOW() WHERE id = 'error'
2020-07-06 05:57:16
UPDATE estaciona_en SET f_final = NOW() WHERE id = '23'
2020-07-06 06:00:14
UPDATE estaciona_en SET f_final = NOW() WHERE id = '24'
2020-07-06 06:02:04
select id_auto from auto where patente = 'ZZZ123'
2020-07-06 06:02:04
INSERT INTO estaciona_en (auto_id, slot_id, f_inicial) VALUES ('3','20', CURRENT_TIMESTAMP)
2020-07-06 06:02:04
SELECT id FROM estaciona_en ORDER BY id DESC LIMIT 1
2020-07-06 06:10:18
select id_auto from auto where patente = 'ZZZ123'
2020-07-06 06:10:18
INSERT INTO estaciona_en (auto_id, slot_id, f_inicial) VALUES ('3','20', CURRENT_TIMESTAMP)
2020-07-06 06:10:18
SELECT id FROM estaciona_en ORDER BY id DESC LIMIT 1
2020-07-06 06:10:41
UPDATE estaciona_en SET f_final = NOW() WHERE id = '28'
2020-07-06 06:10:58
select patente, telefono from auto where patente = 'ZZZ123'
2020-07-06 06:11:41
select patente, telefono from auto where patente = 'ZZZ123'
2020-07-06 06:12:30
select patente, telefono from auto where patente = 'ZZZ123'
2020-07-06 06:15:02
select patente, telefono from auto where patente = 'ZZZ123'
2020-07-06 06:18:33
select patente, telefono from auto where patente = 'ZZZ123'
2020-07-06 06:19:53
select patente, telefono from auto where patente = 'ZZZ123'
2020-07-06 06:22:38
select patente, telefono from auto where patente = 'ZZZ123'
2020-07-06 06:23:30
UPDATE estaciona_en SET f_final = NOW() WHERE id = ''
2020-07-06 06:23:44
UPDATE estaciona_en SET f_final = NOW() WHERE id = ''
2020-07-06 06:24:02
select patente, telefono from auto where patente = 'ZZZ123'
2020-07-06 06:25:11
select id_auto from auto where patente = 'ZZZ123'
2020-07-06 06:25:11
INSERT INTO estaciona_en (auto_id, slot_id, f_inicial) VALUES ('3','20', CURRENT_TIMESTAMP)
2020-07-06 06:25:11
SELECT id FROM estaciona_en ORDER BY id DESC LIMIT 1
2020-07-06 06:25:30
select patente, telefono from auto where patente = 'ZZZ123'
2020-07-06 06:29:50
select patente, telefono from auto where patente = 'AAA123'
2020-07-06 06:30:20
UPDATE estaciona_en SET f_final = NOW() WHERE id = ''
2020-07-06 06:31:18
select patente, telefono from auto where patente = 'AAA123'
2020-07-06 06:32:27
UPDATE estaciona_en SET f_final = NOW() WHERE id = ''
2020-07-06 06:34:24
select patente, telefono from auto where patente = 'AAA123'
2020-07-06 06:35:22
select patente, telefono from auto where patente = 'AAA123'
2020-07-06 06:38:59
select patente, telefono from auto where patente = 'AAA123'
2020-07-06 06:39:49
select patente, telefono from auto where patente = 'AAA123'
2020-07-06 06:40:44
select patente, telefono from auto where patente = 'AAA123'
2020-07-06 06:43:17
select patente, telefono from auto where patente = 'AAA123'
2020-07-06 06:43:30
select patente, telefono from auto where patente = 'AAA123'
2020-07-06 06:43:51
UPDATE estaciona_en SET f_final = NOW() WHERE id = ''
2020-07-06 06:44:07
select patente, telefono from auto where patente = 'AAA123'
2020-07-06 06:45:12
UPDATE estaciona_en SET f_final = NOW() WHERE id = ''
2020-07-06 06:45:25
select patente, telefono from auto where patente = 'AAA123'
2020-07-06 06:48:54
UPDATE estaciona_en SET f_final = NOW() WHERE id = ''
2020-07-06 06:49:09
select patente, telefono from auto where patente = 'AAA123'
2020-07-06 06:49:38
select id_auto from auto where patente = 'AAA123'
2020-07-06 06:49:38
INSERT INTO estaciona_en (auto_id, slot_id, f_inicial) VALUES ('2','20', CURRENT_TIMESTAMP)
2020-07-06 06:49:38
SELECT id FROM estaciona_en ORDER BY id DESC LIMIT 1
2020-07-06 06:50:00
select patente, telefono from auto where patente = 'ZZZ123'
2020-07-06 06:50:27
select id_auto from auto where patente = 'ZZZ123'
2020-07-06 06:50:27
INSERT INTO estaciona_en (auto_id, slot_id, f_inicial) VALUES ('3','05', CURRENT_TIMESTAMP)
2020-07-06 06:50:27
SELECT id FROM estaciona_en ORDER BY id DESC LIMIT 1
2020-07-06 06:50:54
UPDATE estaciona_en SET f_final = NOW() WHERE id = '31'
2020-07-06 06:51:40
UPDATE estaciona_en SET f_final = NOW() WHERE id = '30'
2020-07-06 06:55:37
select patente, telefono from auto where patente = 'ZZZ123'
2020-07-06 06:57:46
select id_auto from auto where patente = 'ZZZ123'
2020-07-06 06:57:46
INSERT INTO estaciona_en (auto_id, slot_id, f_inicial) VALUES ('3','20', CURRENT_TIMESTAMP)
2020-07-06 06:57:47
SELECT id FROM estaciona_en ORDER BY id DESC LIMIT 1
2020-07-06 06:58:00
UPDATE estaciona_en SET f_final = NOW() WHERE id = '32'
2020-07-06 06:58:13
select patente, telefono from auto where patente = 'ZZZ123'
2020-07-06 06:58:38
select id_auto from auto where patente = 'ZZZ123'
2020-07-06 06:58:38
INSERT INTO estaciona_en (auto_id, slot_id, f_inicial) VALUES ('3','20', CURRENT_TIMESTAMP)
2020-07-06 06:58:38
SELECT id FROM estaciona_en ORDER BY id DESC LIMIT 1
2020-07-06 06:58:48
UPDATE estaciona_en SET f_final = NOW() WHERE id = '33'
2020-07-06 07:26:52
UPDATE estaciona_en SET f_final = NOW() WHERE id = ''
2020-07-06 07:27:11
select patente, telefono from auto where patente = 'ZZZ123'
2020-07-06 07:27:54
select patente, telefono from auto where patente = 'ZZZ123'
2020-07-06 07:28:12
select patente, telefono from auto where patente = 'AAA123'
2020-07-06 07:48:14
select patente, telefono from auto where patente = 'AAA123'
2020-07-06 07:49:16
select id_auto from auto where patente = 'AAA123'
2020-07-06 07:49:16
INSERT INTO estaciona_en (auto_id, slot_id, f_inicial) VALUES ('2','20', CURRENT_TIMESTAMP)
2020-07-06 07:49:16
SELECT id FROM estaciona_en ORDER BY id DESC LIMIT 1
2020-07-06 07:49:53
UPDATE estaciona_en SET f_final = NOW() WHERE id = '34'
2020-07-06 07:51:00
UPDATE estaciona_en SET f_final = NOW() WHERE id = 'error'
2020-07-06 07:51:22
select patente, telefono from auto where patente = 'AAA123'
2020-07-06 07:51:58
select id_auto from auto where patente = 'AAA123'
2020-07-06 07:51:58
INSERT INTO estaciona_en (auto_id, slot_id, f_inicial) VALUES ('2','20', CURRENT_TIMESTAMP)
2020-07-06 07:51:58
SELECT id FROM estaciona_en ORDER BY id DESC LIMIT 1
2020-07-06 07:52:19
UPDATE estaciona_en SET f_final = NOW() WHERE id = '35'
2020-07-06 07:52:31
select patente, telefono from auto where patente = 'AAA123'
2020-07-06 07:52:39
select patente, telefono from auto where patente = 'ZZZ123'
2020-07-06 07:53:24
select id_auto from auto where patente = 'AAA123'
2020-07-06 07:53:24
INSERT INTO estaciona_en (auto_id, slot_id, f_inicial) VALUES ('2','20', CURRENT_TIMESTAMP)
2020-07-06 07:53:24
SELECT id FROM estaciona_en ORDER BY id DESC LIMIT 1
2020-07-06 08:02:20
UPDATE estaciona_en SET f_final = NOW() WHERE id = 'error'
2020-07-06 08:02:44
select patente, telefono from auto where patente = 'ZZZ123'
2020-07-06 08:02:55
select patente, telefono from auto where patente = 'AAA123'
2020-07-06 08:03:52
select id_auto from auto where patente = 'ZZZ123'
2020-07-06 08:03:52
INSERT INTO estaciona_en (auto_id, slot_id, f_inicial) VALUES ('3','20', CURRENT_TIMESTAMP)
2020-07-06 08:03:52
SELECT id FROM estaciona_en ORDER BY id DESC LIMIT 1
2020-07-06 08:04:08
select id_auto from auto where patente = 'ZZZ123'
2020-07-06 08:04:08
INSERT INTO estaciona_en (auto_id, slot_id, f_inicial) VALUES ('3','01', CURRENT_TIMESTAMP)
2020-07-06 08:04:09
SELECT id FROM estaciona_en ORDER BY id DESC LIMIT 1
2020-07-06 08:04:19
select id_auto from auto where patente = 'ZZZ123'
2020-07-06 08:04:19
INSERT INTO estaciona_en (auto_id, slot_id, f_inicial) VALUES ('3','20', CURRENT_TIMESTAMP)
2020-07-06 08:04:19
SELECT id FROM estaciona_en ORDER BY id DESC LIMIT 1
2020-07-06 08:04:30
select id_auto from auto where patente = 'AAA123'
2020-07-06 08:04:30
INSERT INTO estaciona_en (auto_id, slot_id, f_inicial) VALUES ('2','20', CURRENT_TIMESTAMP)
2020-07-06 08:04:30
SELECT id FROM estaciona_en ORDER BY id DESC LIMIT 1
2020-07-06 08:04:41
select patente, telefono from auto where patente = 'AAA123'
2020-07-06 17:04:29
select patente, telefono from auto where patente = 'AAA123'
2020-07-06 17:04:42
select patente, telefono from auto where patente = 'ZZZ123'
2020-07-06 17:05:12
select id_auto from auto where patente = 'AAA123'
2020-07-06 17:05:12
INSERT INTO estaciona_en (auto_id, slot_id, f_inicial) VALUES ('2','20', CURRENT_TIMESTAMP)
2020-07-06 17:05:12
SELECT id FROM estaciona_en ORDER BY id DESC LIMIT 1
2020-07-06 17:05:42
select id_auto from auto where patente = 'AAA123'
2020-07-06 17:05:42
INSERT INTO estaciona_en (auto_id, slot_id, f_inicial) VALUES ('2','20', CURRENT_TIMESTAMP)
2020-07-06 17:05:42
SELECT id FROM estaciona_en ORDER BY id DESC LIMIT 1
2020-07-06 17:06:25
select id_auto from auto where patente = 'AAA123'
2020-07-06 17:06:25
INSERT INTO estaciona_en (auto_id, slot_id, f_inicial) VALUES ('2','20', CURRENT_TIMESTAMP)
2020-07-06 17:06:25
SELECT id FROM estaciona_en ORDER BY id DESC LIMIT 1
2020-07-06 17:06:34
select id_auto from auto where patente = 'AAA123'
2020-07-06 17:06:34
INSERT INTO estaciona_en (auto_id, slot_id, f_inicial) VALUES ('2','19', CURRENT_TIMESTAMP)
2020-07-06 17:06:34
SELECT id FROM estaciona_en ORDER BY id DESC LIMIT 1
2020-07-06 17:06:51
select id_auto from auto where patente = 'AAA123'
2020-07-06 17:06:51
INSERT INTO estaciona_en (auto_id, slot_id, f_inicial) VALUES ('2','01', CURRENT_TIMESTAMP)
2020-07-06 17:06:51
SELECT id FROM estaciona_en ORDER BY id DESC LIMIT 1
2020-07-06 17:10:49
select patente, telefono from auto where patente = 'ZZZ123'
2020-07-06 17:11:06
select id_auto from auto where patente = 'ZZZ123'
2020-07-06 17:11:06
INSERT INTO estaciona_en (auto_id, slot_id, f_inicial) VALUES ('3','20', CURRENT_TIMESTAMP)
2020-07-06 17:11:06
SELECT id FROM estaciona_en ORDER BY id DESC LIMIT 1
2020-07-06 17:11:40
select patente, telefono from auto where patente = 'ZZZ123'
2020-07-06 17:13:14
select id_auto from auto where patente = 'ZZZ123'
2020-07-06 17:13:14
INSERT INTO estaciona_en (auto_id, slot_id, f_inicial) VALUES ('3','20', CURRENT_TIMESTAMP)
2020-07-06 17:13:14
SELECT id FROM estaciona_en ORDER BY id DESC LIMIT 1
2020-07-06 17:15:55
select patente, telefono from auto where patente = 'ZZZ123'
2020-07-06 17:16:04
select id_auto from auto where patente = 'ZZZ123'
2020-07-06 17:16:04
INSERT INTO estaciona_en (auto_id, slot_id, f_inicial) VALUES ('3','20', CURRENT_TIMESTAMP)
2020-07-06 17:16:04
SELECT id FROM estaciona_en ORDER BY id DESC LIMIT 1
2020-07-06 17:18:07
select patente, telefono from auto where patente = 'ZZZ123'
2020-07-06 17:18:14
select id_auto from auto where patente = 'ZZZ123'
2020-07-06 17:18:14
INSERT INTO estaciona_en (auto_id, slot_id, f_inicial) VALUES ('3','20', CURRENT_TIMESTAMP)
2020-07-06 17:18:14
SELECT id FROM estaciona_en ORDER BY id DESC LIMIT 1
2020-07-06 17:33:33
select patente, telefono from auto where patente = 'ZZZ123'
2020-07-06 17:33:43
select id_auto from auto where patente = 'ZZZ123'
2020-07-06 17:33:43
INSERT INTO estaciona_en (auto_id, slot_id, f_inicial) VALUES ('3','20', CURRENT_TIMESTAMP)
2020-07-06 17:33:43
SELECT id FROM estaciona_en ORDER BY id DESC LIMIT 1
2020-07-06 17:33:55
UPDATE estaciona_en SET f_final = NOW() WHERE id = '50'
2020-07-06 17:35:37
select patente, telefono from auto where patente = 'ZZZ123'
2020-07-06 17:35:57
select id_auto from auto where patente = 'ZZZ123'
2020-07-06 17:35:58
INSERT INTO estaciona_en (auto_id, slot_id, f_inicial) VALUES ('3','20', CURRENT_TIMESTAMP)
2020-07-06 17:35:58
SELECT id FROM estaciona_en ORDER BY id DESC LIMIT 1
2020-07-06 17:36:19
UPDATE estaciona_en SET f_final = NOW() WHERE id = '51'
2020-07-06 17:44:46
select patente, telefono from auto where patente = 'ZZZ123'
2020-07-06 17:45:01
select patente, telefono from auto where patente = 'ZZZ123'
2020-07-06 17:45:30
select patente, telefono from auto where patente = 'ZZZ123'
2020-07-06 17:47:24
select id_auto from auto where patente = 'ZZZ123'
2020-07-06 17:47:24
INSERT INTO estaciona_en (auto_id, slot_id, f_inicial) VALUES ('3','10', CURRENT_TIMESTAMP)
2020-07-06 17:47:24
SELECT id FROM estaciona_en ORDER BY id DESC LIMIT 1
2020-07-06 17:48:20
UPDATE estaciona_en SET f_final = NOW() WHERE id = 'error'
2020-07-06 17:49:48
select patente, telefono from auto where patente = 'ZZZ123'
2020-07-06 17:50:09
select id_auto from auto where patente = 'ZZZ123'
2020-07-06 17:50:09
INSERT INTO estaciona_en (auto_id, slot_id, f_inicial) VALUES ('3','10', CURRENT_TIMESTAMP)
2020-07-06 17:50:09
SELECT id FROM estaciona_en ORDER BY id DESC LIMIT 1
2020-07-06 17:51:43
UPDATE estaciona_en SET f_final = NOW() WHERE id = '53'
2020-07-07 06:03:34
select patente, telefono from auto where patente = 'ZZZ123'
2020-07-07 06:03:37
select patente, telefono from auto where patente = 'ZZZ123'
2020-07-07 06:03:39
select patente, telefono from auto where patente = 'ZZZ123'
2020-07-07 06:04:01
select patente, telefono from auto where patente = 'ZZZ123'
2020-07-07 06:04:22
select patente, telefono from auto where patente = 'AAA123'
2020-07-07 06:05:55
select id_auto from auto where patente = 'AAA123'
2020-07-07 06:05:55
INSERT INTO estaciona_en (auto_id, slot_id, f_inicial) VALUES ('2','02', CURRENT_TIMESTAMP)
2020-07-07 06:05:55
SELECT id FROM estaciona_en ORDER BY id DESC LIMIT 1
2020-07-07 06:08:31
select id_auto from auto where patente = 'ZZZ123'
2020-07-07 06:08:31
INSERT INTO estaciona_en (auto_id, slot_id, f_inicial) VALUES ('3','10', CURRENT_TIMESTAMP)
2020-07-07 06:08:31
SELECT id FROM estaciona_en ORDER BY id DESC LIMIT 1
2020-07-10 00:47:29
select patente, telefono from auto where patente = 'AAA123'
2020-07-10 00:47:53
select patente, telefono from auto where patente = 'ZZZ123'
2020-07-10 00:48:25
select patente, telefono from auto where patente = 'KZD547'
2020-07-10 00:48:39
select patente, telefono from auto where patente = 'EMJ085'
2020-07-10 00:49:09
select patente, telefono from auto where patente = 'CLA041'
2020-07-10 00:49:27
select patente, telefono from auto where patente = 'NAT160'
2020-07-10 00:53:59
select patente, telefono from auto where patente = 'NAT160'
2020-07-10 00:54:21
select patente, telefono from auto where patente = 'NAT160'
2020-07-10 00:54:49
select patente, telefono from auto where patente = 'TOP111'
2020-07-10 00:55:43
select patente, telefono from auto where patente = 'KZD547'
2020-07-10 00:56:02
select patente, telefono from auto where patente = 'LUC140'
2020-07-10 00:56:13
select patente, telefono from auto where patente = 'EMJ085'
2020-07-10 00:56:39
select patente, telefono from auto where patente = 'EBU462'
2020-07-10 00:57:22
select patente, telefono from auto where patente = 'AAA123'
2020-07-10 00:57:41
select patente, telefono from auto where patente = 'ZZZ123'
2020-07-10 00:58:05
select patente, telefono from auto where patente = 'XXY033'
2020-07-10 00:58:34
select patente, telefono from auto where patente = 'TOP333'
2020-07-10 01:00:26
select patente, telefono from auto where patente = 'NAT160'
2020-07-10 01:00:59
select patente, telefono from auto where patente = 'SER610'
2020-07-10 01:05:07
select id_auto from auto where patente = 'NAT160'
2020-07-10 01:05:07
INSERT INTO estaciona_en (auto_id, slot_id, f_inicial) VALUES ('13','01', CURRENT_TIMESTAMP)
2020-07-10 01:05:07
SELECT id FROM estaciona_en ORDER BY id DESC LIMIT 1
2020-07-10 01:05:42
select patente, telefono from auto where patente = 'AAA123'
2020-07-10 01:06:12
select patente, telefono from auto where patente = 'ZZZ123'
2020-07-10 01:06:21
select id_auto from auto where patente = 'AAA123'
2020-07-10 01:06:22
INSERT INTO estaciona_en (auto_id, slot_id, f_inicial) VALUES ('2','03', CURRENT_TIMESTAMP)
2020-07-10 01:06:22
SELECT id FROM estaciona_en ORDER BY id DESC LIMIT 1
2020-07-10 01:06:30
select patente, telefono from auto where patente = 'XXY033'
2020-07-10 01:06:55
select patente, telefono from auto where patente = 'EMJ085'
2020-07-10 01:07:13
select patente, telefono from auto where patente = 'EBU462'
2020-07-10 01:07:34
select id_auto from auto where patente = 'XXY033'
2020-07-10 01:07:34
INSERT INTO estaciona_en (auto_id, slot_id, f_inicial) VALUES ('4','19', CURRENT_TIMESTAMP)
2020-07-10 01:07:34
SELECT id FROM estaciona_en ORDER BY id DESC LIMIT 1
2020-07-10 01:08:06
UPDATE estaciona_en SET f_final = NOW() WHERE id = 'ERROR'
2020-07-10 01:08:14
select patente, telefono from auto where patente = 'TOP333'
2020-07-10 01:10:01
UPDATE estaciona_en SET f_final = NOW() WHERE id = '56'
2020-07-10 01:11:19
select id_auto from auto where patente = 'TOP333'
2020-07-10 01:11:19
INSERT INTO estaciona_en (auto_id, slot_id, f_inicial) VALUES ('7','20', CURRENT_TIMESTAMP)
2020-07-10 01:11:19
SELECT id FROM estaciona_en ORDER BY id DESC LIMIT 1
2020-07-10 01:11:42
UPDATE estaciona_en SET f_final = NOW() WHERE id = 'ERROR'
2020-07-10 01:20:20
select patente, telefono from auto where patente = 'AAA123'
2020-07-10 01:20:30
select patente, telefono from auto where patente = 'ZZZ123'
2020-07-10 01:20:53
select patente, telefono from auto where patente = 'XXY033'
2020-07-10 01:21:04
select patente, telefono from auto where patente = 'EMJ085'
2020-07-10 01:21:24
select patente, telefono from auto where patente = 'EBU462'
2020-07-10 01:21:40
select patente, telefono from auto where patente = 'TOP333'
2020-07-10 01:21:43
select id_auto from auto where patente = 'AAA123'
2020-07-10 01:21:43
INSERT INTO estaciona_en (auto_id, slot_id, f_inicial) VALUES ('2','01', CURRENT_TIMESTAMP)
2020-07-10 01:21:43
SELECT id FROM estaciona_en ORDER BY id DESC LIMIT 1
2020-07-10 01:21:56
UPDATE estaciona_en SET f_final = NOW() WHERE id = '60'
2020-07-10 01:22:02
select patente, telefono from auto where patente = 'TOP111'
2020-07-10 01:22:31
select patente, telefono from auto where patente = 'KZD547'
2020-07-10 01:24:16
select id_auto from auto where patente = 'EBU462'
2020-07-10 01:24:16
INSERT INTO estaciona_en (auto_id, slot_id, f_inicial) VALUES ('6','05', CURRENT_TIMESTAMP)
2020-07-10 01:24:16
SELECT id FROM estaciona_en ORDER BY id DESC LIMIT 1
2020-07-10 01:24:34
UPDATE estaciona_en SET f_final = NOW() WHERE id = '61'
2020-07-10 01:25:54
select id_auto from auto where patente = 'KZD547'
2020-07-10 01:25:54
INSERT INTO estaciona_en (auto_id, slot_id, f_inicial) VALUES ('9','07', CURRENT_TIMESTAMP)
2020-07-10 01:25:54
SELECT id FROM estaciona_en ORDER BY id DESC LIMIT 1
2020-07-10 01:26:16
UPDATE estaciona_en SET f_final = NOW() WHERE id = '62'
2020-07-10 01:26:46
select patente, telefono from auto where patente = 'KZD547'
2020-07-10 01:27:02
select id_auto from auto where patente = 'KZD547'
2020-07-10 01:27:02
INSERT INTO estaciona_en (auto_id, slot_id, f_inicial) VALUES ('9','20', CURRENT_TIMESTAMP)
2020-07-10 01:27:02
SELECT id FROM estaciona_en ORDER BY id DESC LIMIT 1
2020-07-10 01:27:09
UPDATE estaciona_en SET f_final = NOW() WHERE id = '63'
2020-07-10 01:28:11
select patente, telefono from auto where patente = 'AAA123'
2020-07-10 01:28:21
select patente, telefono from auto where patente = 'ZZZ123'
2020-07-10 01:28:35
select patente, telefono from auto where patente = 'XXY033'
2020-07-10 01:28:45
select patente, telefono from auto where patente = 'EMJ085'
2020-07-10 01:29:06
select id_auto from auto where patente = 'EMJ085'
2020-07-10 01:29:06
INSERT INTO estaciona_en (auto_id, slot_id, f_inicial) VALUES ('5','05', CURRENT_TIMESTAMP)
2020-07-10 01:29:06
SELECT id FROM estaciona_en ORDER BY id DESC LIMIT 1
2020-07-10 01:29:17
select patente, telefono from auto where patente = 'EBU462'
2020-07-10 01:29:21
select id_auto from auto where patente = 'AAA123'
2020-07-10 01:29:21
INSERT INTO estaciona_en (auto_id, slot_id, f_inicial) VALUES ('2','20', CURRENT_TIMESTAMP)
2020-07-10 01:29:21
SELECT id FROM estaciona_en ORDER BY id DESC LIMIT 1
2020-07-10 01:29:29
select patente, telefono from auto where patente = 'TOP333'
2020-07-10 01:29:34
select id_auto from auto where patente = 'ZZZ123'
2020-07-10 01:29:34
INSERT INTO estaciona_en (auto_id, slot_id, f_inicial) VALUES ('3','13', CURRENT_TIMESTAMP)
2020-07-10 01:29:34
SELECT id FROM estaciona_en ORDER BY id DESC LIMIT 1
2020-07-10 01:29:40
select patente, telefono from auto where patente = 'TOP111'
2020-07-10 01:29:50
select id_auto from auto where patente = 'TOP333'
2020-07-10 01:29:50
INSERT INTO estaciona_en (auto_id, slot_id, f_inicial) VALUES ('7','07', CURRENT_TIMESTAMP)
2020-07-10 01:29:50
SELECT id FROM estaciona_en ORDER BY id DESC LIMIT 1
2020-07-10 01:29:53
select patente, telefono from auto where patente = 'KZD547'
2020-07-10 01:30:07
select patente, telefono from auto where patente = 'LUC140'
2020-07-10 01:30:12
select id_auto from auto where patente = 'XXY033'
2020-07-10 01:30:12
INSERT INTO estaciona_en (auto_id, slot_id, f_inicial) VALUES ('4','13', CURRENT_TIMESTAMP)
2020-07-10 01:30:12
SELECT id FROM estaciona_en ORDER BY id DESC LIMIT 1
2020-07-10 01:30:21
select patente, telefono from auto where patente = 'CLA041'
2020-07-10 01:30:36
select id_auto from auto where patente = 'XXY033'
2020-07-10 01:30:36
INSERT INTO estaciona_en (auto_id, slot_id, f_inicial) VALUES ('4','12', CURRENT_TIMESTAMP)
2020-07-10 01:30:36
SELECT id FROM estaciona_en ORDER BY id DESC LIMIT 1
2020-07-10 01:30:43
select patente, telefono from auto where patente = 'SER610'
2020-07-10 01:30:52
select id_auto from auto where patente = 'TOP111'
2020-07-10 01:30:52
INSERT INTO estaciona_en (auto_id, slot_id, f_inicial) VALUES ('8','19', CURRENT_TIMESTAMP)
2020-07-10 01:30:52
SELECT id FROM estaciona_en ORDER BY id DESC LIMIT 1
2020-07-10 01:30:52
select patente, telefono from auto where patente = 'NAT160'
2020-07-10 01:31:08
select id_auto from auto where patente = 'NAT160'
2020-07-10 01:31:08
INSERT INTO estaciona_en (auto_id, slot_id, f_inicial) VALUES ('13','18', CURRENT_TIMESTAMP)
2020-07-10 01:31:08
SELECT id FROM estaciona_en ORDER BY id DESC LIMIT 1
2020-07-10 01:31:23
select id_auto from auto where patente = 'SER610'
2020-07-10 01:31:23
INSERT INTO estaciona_en (auto_id, slot_id, f_inicial) VALUES ('12','17', CURRENT_TIMESTAMP)
2020-07-10 01:31:23
SELECT id FROM estaciona_en ORDER BY id DESC LIMIT 1
2020-07-10 01:31:45
select id_auto from auto where patente = 'KZD547'
2020-07-10 01:31:45
INSERT INTO estaciona_en (auto_id, slot_id, f_inicial) VALUES ('9','01', CURRENT_TIMESTAMP)
2020-07-10 01:31:45
SELECT id FROM estaciona_en ORDER BY id DESC LIMIT 1
2020-07-10 01:32:03
select id_auto from auto where patente = 'EBU462'
2020-07-10 01:32:03
INSERT INTO estaciona_en (auto_id, slot_id, f_inicial) VALUES ('6','02', CURRENT_TIMESTAMP)
2020-07-10 01:32:03
SELECT id FROM estaciona_en ORDER BY id DESC LIMIT 1
2020-07-10 01:32:18
select id_auto from auto where patente = 'LUC140'
2020-07-10 01:32:18
INSERT INTO estaciona_en (auto_id, slot_id, f_inicial) VALUES ('10','06', CURRENT_TIMESTAMP)
2020-07-10 01:32:18
SELECT id FROM estaciona_en ORDER BY id DESC LIMIT 1
2020-07-10 01:32:37
select id_auto from auto where patente = 'CLA041'
2020-07-10 01:32:37
INSERT INTO estaciona_en (auto_id, slot_id, f_inicial) VALUES ('11','03', CURRENT_TIMESTAMP)
2020-07-10 01:32:37
SELECT id FROM estaciona_en ORDER BY id DESC LIMIT 1
2020-07-10 01:36:56
select patente, telefono from auto where patente = 'QQQ330'
2020-07-10 01:37:01
select patente, telefono from auto where patente = 'QQQ331'
2020-07-10 01:37:06
select patente, telefono from auto where patente = 'QQQ332'
2020-07-10 01:37:11
select patente, telefono from auto where patente = 'QQQ333'
2020-07-10 01:37:13
select id_auto from auto where patente = 'QQQ330'
2020-07-10 01:37:13
INSERT INTO estaciona_en (auto_id, slot_id, f_inicial) VALUES ('17','04', CURRENT_TIMESTAMP)
2020-07-10 01:37:13
SELECT id FROM estaciona_en ORDER BY id DESC LIMIT 1
2020-07-10 01:37:19
select patente, telefono from auto where patente = 'QQQ334'
2020-07-10 01:37:27
select patente, telefono from auto where patente = 'QQQ335'
2020-07-10 01:37:32
select id_auto from auto where patente = 'QQQ331'
2020-07-10 01:37:32
INSERT INTO estaciona_en (auto_id, slot_id, f_inicial) VALUES ('16','08', CURRENT_TIMESTAMP)
2020-07-10 01:37:32
SELECT id FROM estaciona_en ORDER BY id DESC LIMIT 1
2020-07-10 01:37:34
select patente, telefono from auto where patente = 'QQQ336'
2020-07-10 01:37:40
select patente, telefono from auto where patente = 'QQQ337'
2020-07-10 01:37:59
select id_auto from auto where patente = 'QQQ337'
2020-07-10 01:37:59
INSERT INTO estaciona_en (auto_id, slot_id, f_inicial) VALUES ('21','16', CURRENT_TIMESTAMP)
2020-07-10 01:37:59
SELECT id FROM estaciona_en ORDER BY id DESC LIMIT 1
2020-07-10 01:38:48
select id_auto from auto where patente = 'QQQ332'
2020-07-10 01:38:48
INSERT INTO estaciona_en (auto_id, slot_id, f_inicial) VALUES ('15','15', CURRENT_TIMESTAMP)
2020-07-10 01:38:48
SELECT id FROM estaciona_en ORDER BY id DESC LIMIT 1
2020-07-10 01:39:02
select id_auto from auto where patente = 'QQQ332'
2020-07-10 01:39:02
INSERT INTO estaciona_en (auto_id, slot_id, f_inicial) VALUES ('15','09', CURRENT_TIMESTAMP)
2020-07-10 01:39:02
SELECT id FROM estaciona_en ORDER BY id DESC LIMIT 1
2020-07-10 01:39:11
select id_auto from auto where patente = 'QQQ333'
2020-07-10 01:39:11
INSERT INTO estaciona_en (auto_id, slot_id, f_inicial) VALUES ('14','10', CURRENT_TIMESTAMP)
2020-07-10 01:39:11
SELECT id FROM estaciona_en ORDER BY id DESC LIMIT 1
2020-07-10 01:39:19
select id_auto from auto where patente = 'QQQ334'
2020-07-10 01:39:19
INSERT INTO estaciona_en (auto_id, slot_id, f_inicial) VALUES ('18','11', CURRENT_TIMESTAMP)
2020-07-10 01:39:19
SELECT id FROM estaciona_en ORDER BY id DESC LIMIT 1
2020-07-10 01:39:29
select patente, telefono from auto where patente = 'QQQ338'
2020-07-10 01:39:32
select id_auto from auto where patente = 'QQQ335'
2020-07-10 01:39:32
INSERT INTO estaciona_en (auto_id, slot_id, f_inicial) VALUES ('19','14', CURRENT_TIMESTAMP)
2020-07-10 01:39:32
SELECT id FROM estaciona_en ORDER BY id DESC LIMIT 1
2020-07-10 01:39:37
select id_auto from auto where patente = 'QQQ336'
2020-07-10 01:39:37
INSERT INTO estaciona_en (auto_id, slot_id, f_inicial) VALUES ('20','15', CURRENT_TIMESTAMP)
2020-07-10 01:39:37
SELECT id FROM estaciona_en ORDER BY id DESC LIMIT 1
2020-07-10 01:39:37
select patente, telefono from auto where patente = 'QQQ332'
2020-07-10 01:40:58
UPDATE estaciona_en SET f_final = NOW() WHERE id = '73'
2020-07-10 01:41:11
UPDATE estaciona_en SET f_final = NOW() WHERE id = '74'
2020-07-10 01:41:25
UPDATE estaciona_en SET f_final = NOW() WHERE id = '76'
2020-07-10 01:41:36
UPDATE estaciona_en SET f_final = NOW() WHERE id = '77'
2020-07-10 01:41:52
UPDATE estaciona_en SET f_final = NOW() WHERE id = '64'
2020-07-10 01:42:10
UPDATE estaciona_en SET f_final = NOW() WHERE id = '75'
2020-07-10 01:42:21
UPDATE estaciona_en SET f_final = NOW() WHERE id = '67'
2020-07-10 01:42:41
UPDATE estaciona_en SET f_final = NOW() WHERE id = '78'
2020-07-10 01:42:47
UPDATE estaciona_en SET f_final = NOW() WHERE id = '81'
2020-07-10 01:42:54
UPDATE estaciona_en SET f_final = NOW() WHERE id = '82'
2020-07-10 01:43:08
UPDATE estaciona_en SET f_final = NOW() WHERE id = '83'
2020-07-10 01:43:23
UPDATE estaciona_en SET f_final = NOW() WHERE id = '69'
2020-07-10 01:43:37
UPDATE estaciona_en SET f_final = NOW() WHERE id = '66'
2020-07-10 01:43:47
UPDATE estaciona_en SET f_final = NOW() WHERE id = '84'
2020-07-10 01:43:56
UPDATE estaciona_en SET f_final = NOW() WHERE id = '85'
2020-07-10 01:44:05
UPDATE estaciona_en SET f_final = NOW() WHERE id = '79'
2020-07-10 01:44:13
UPDATE estaciona_en SET f_final = NOW() WHERE id = '72'
2020-07-10 01:44:28
UPDATE estaciona_en SET f_final = NOW() WHERE id = '71'
2020-07-10 01:44:36
UPDATE estaciona_en SET f_final = NOW() WHERE id = '70'
2020-07-10 01:44:42
UPDATE estaciona_en SET f_final = NOW() WHERE id = '65'
2020-07-10 01:54:29
select patente, telefono from auto where patente = 'QQQ332'
2020-07-10 01:54:34
select patente, telefono from auto where patente = 'QQQ332'
2020-07-10 01:55:20
select id_auto from auto where patente = 'QQQ332'
2020-07-10 01:55:20
INSERT INTO estaciona_en (auto_id, slot_id, f_inicial) VALUES ('15','18', CURRENT_TIMESTAMP)
2020-07-10 01:55:20
SELECT id FROM estaciona_en ORDER BY id DESC LIMIT 1
2020-07-10 01:56:31
select patente, telefono from auto where patente = 'QQQ331'
2020-07-10 01:57:43
select id_auto from auto where patente = 'QQQ331'
2020-07-10 01:57:43
INSERT INTO estaciona_en (auto_id, slot_id, f_inicial) VALUES ('16','18', CURRENT_TIMESTAMP)
2020-07-10 01:57:43
SELECT id FROM estaciona_en ORDER BY id DESC LIMIT 1
2020-07-10 03:40:18
select patente, telefono from auto where patente = 'QQQ331'
2020-07-10 03:40:25
select patente, telefono from auto where patente = 'QQQ330'
2020-07-10 03:40:59
select id_auto from auto where patente = 'QQQ331'
2020-07-10 03:40:59
INSERT INTO estaciona_en (auto_id, slot_id, f_inicial) VALUES ('16','18', CURRENT_TIMESTAMP)
2020-07-10 03:40:59
SELECT id FROM estaciona_en ORDER BY id DESC LIMIT 1
2020-07-10 03:42:20
select id_auto from auto where patente = 'QQQ330'
2020-07-10 03:42:20
INSERT INTO estaciona_en (auto_id, slot_id, f_inicial) VALUES ('17','02', CURRENT_TIMESTAMP)
2020-07-10 03:42:20
SELECT id FROM estaciona_en ORDER BY id DESC LIMIT 1
2020-07-10 03:42:59
select id_auto from auto where patente = 'QQQ331'
2020-07-10 03:42:59
INSERT INTO estaciona_en (auto_id, slot_id, f_inicial) VALUES ('16','18', CURRENT_TIMESTAMP)
2020-07-10 03:42:59
SELECT id FROM estaciona_en ORDER BY id DESC LIMIT 1
2020-07-10 03:43:59
UPDATE estaciona_en SET f_final = NOW() WHERE id = '88'
2020-07-10 03:44:38
UPDATE estaciona_en SET f_final = NOW() WHERE id = '89'
2020-07-10 03:59:19
select patente, telefono from auto where patente = 'QQQ333'
2020-07-10 03:59:30
select patente, telefono from auto where patente = 'QQQ334'
2020-07-10 04:00:03
select id_auto from auto where patente = 'QQQ333'
2020-07-10 04:00:03
INSERT INTO estaciona_en (auto_id, slot_id, f_inicial) VALUES ('14','19', CURRENT_TIMESTAMP)
2020-07-10 04:00:03
SELECT id FROM estaciona_en ORDER BY id DESC LIMIT 1
2020-07-10 04:02:30
UPDATE estaciona_en SET f_final = NOW() WHERE id = '91'
2020-07-10 04:03:03
UPDATE estaciona_en SET f_final = NOW() WHERE id = 'error'
2020-07-10 04:03:29
select id_auto from auto where patente = 'QQQ334'
2020-07-10 04:03:29
INSERT INTO estaciona_en (auto_id, slot_id, f_inicial) VALUES ('18','02', CURRENT_TIMESTAMP)
2020-07-10 04:03:29
SELECT id FROM estaciona_en ORDER BY id DESC LIMIT 1
2020-07-10 04:03:55
UPDATE estaciona_en SET f_final = NOW() WHERE id = '92'
2020-07-10 16:12:44
select patente, telefono from auto where patente = 'QQQ334'
2020-07-10 16:13:00
select id_auto from auto where patente = 'QQQ334'
2020-07-10 16:13:00
INSERT INTO estaciona_en (auto_id, slot_id, f_inicial) VALUES ('18','02', CURRENT_TIMESTAMP)
2020-07-10 16:13:00
SELECT id FROM estaciona_en ORDER BY id DESC LIMIT 1
2020-07-10 16:18:00
UPDATE estaciona_en SET f_final = NOW() WHERE id = '93'
2020-07-10 21:53:52
select patente, telefono from auto where patente = 'AAA123'
2020-07-10 22:15:36
select patente, telefono from auto where patente = 'AAA123'
2020-07-10 22:16:20
select patente, telefono from auto where patente = 'AGU321'
2020-07-10 22:16:38
select patente, telefono from auto where patente = 'ZZZ123'
2020-07-10 22:17:53
select patente, telefono from auto where patente = 'PEP999'
2020-07-10 22:18:20
select patente, telefono from auto where patente = 'XXY033'
2020-07-10 22:19:29
select patente, telefono from auto where patente = 'TOP333'
2020-07-10 22:19:42
select patente, telefono from auto where patente = 'LUC140'
2020-07-10 22:19:54
select patente, telefono from auto where patente = 'TOP111'
2020-07-10 22:20:12
select id_auto from auto where patente = 'AAA123'
2020-07-10 22:20:12
INSERT INTO estaciona_en (auto_id, slot_id, f_inicial) VALUES ('2','01', CURRENT_TIMESTAMP)
2020-07-10 22:20:12
SELECT id FROM estaciona_en ORDER BY id DESC LIMIT 1
2020-07-10 22:20:57
select patente, telefono from auto where patente = 'KZD547'
2020-07-10 22:21:13
select patente, telefono from auto where patente = 'XXY033'
2020-07-10 22:22:29
select id_auto from auto where patente = 'XXY033'
2020-07-10 22:22:29
INSERT INTO estaciona_en (auto_id, slot_id, f_inicial) VALUES ('4','03', CURRENT_TIMESTAMP)
2020-07-10 22:22:29
SELECT id FROM estaciona_en ORDER BY id DESC LIMIT 1
2020-07-10 22:22:39
select id_auto from auto where patente = 'TOP333'
2020-07-10 22:22:39
INSERT INTO estaciona_en (auto_id, slot_id, f_inicial) VALUES ('7','04', CURRENT_TIMESTAMP)
2020-07-10 22:22:39
SELECT id FROM estaciona_en ORDER BY id DESC LIMIT 1
2020-07-10 22:22:49
select id_auto from auto where patente = 'LUC140'
2020-07-10 22:22:49
INSERT INTO estaciona_en (auto_id, slot_id, f_inicial) VALUES ('10','02', CURRENT_TIMESTAMP)
2020-07-10 22:22:49
SELECT id FROM estaciona_en ORDER BY id DESC LIMIT 1
2020-07-10 22:23:04
select patente, telefono from auto where patente = 'QQQ333'
2020-07-10 22:23:06
select id_auto from auto where patente = 'TOP111'
2020-07-10 22:23:06
INSERT INTO estaciona_en (auto_id, slot_id, f_inicial) VALUES ('8','06', CURRENT_TIMESTAMP)
2020-07-10 22:23:06
SELECT id FROM estaciona_en ORDER BY id DESC LIMIT 1
2020-07-10 22:23:19
select patente, telefono from auto where patente = 'QQQ332'
2020-07-10 22:23:20
select id_auto from auto where patente = 'QQQ333'
2020-07-10 22:23:20
INSERT INTO estaciona_en (auto_id, slot_id, f_inicial) VALUES ('14','05', CURRENT_TIMESTAMP)
2020-07-10 22:23:20
SELECT id FROM estaciona_en ORDER BY id DESC LIMIT 1
2020-07-10 22:23:31
select patente, telefono from auto where patente = 'QQQ331'
2020-07-10 22:23:46
select id_auto from auto where patente = 'KZD547'
2020-07-10 22:23:46
INSERT INTO estaciona_en (auto_id, slot_id, f_inicial) VALUES ('9','20', CURRENT_TIMESTAMP)
2020-07-10 22:23:46
SELECT id FROM estaciona_en ORDER BY id DESC LIMIT 1
2020-07-10 22:23:54
select patente, telefono from auto where patente = 'QQQ333'
2020-07-10 22:24:19
select id_auto from auto where patente = 'QQQ332'
2020-07-10 22:24:19
INSERT INTO estaciona_en (auto_id, slot_id, f_inicial) VALUES ('15','11', CURRENT_TIMESTAMP)
2020-07-10 22:24:19
SELECT id FROM estaciona_en ORDER BY id DESC LIMIT 1
2020-07-10 22:24:27
select patente, telefono from auto where patente = 'QQQ335'
2020-07-10 22:24:30
select id_auto from auto where patente = 'QQQ331'
2020-07-10 22:24:30
INSERT INTO estaciona_en (auto_id, slot_id, f_inicial) VALUES ('16','14', CURRENT_TIMESTAMP)
2020-07-10 22:24:30
SELECT id FROM estaciona_en ORDER BY id DESC LIMIT 1
2020-07-10 22:24:38
select patente, telefono from auto where patente = 'QQQ336'
2020-07-10 22:24:43
select id_auto from auto where patente = 'QQQ335'
2020-07-10 22:24:43
INSERT INTO estaciona_en (auto_id, slot_id, f_inicial) VALUES ('19','15', CURRENT_TIMESTAMP)
2020-07-10 22:24:43
SELECT id FROM estaciona_en ORDER BY id DESC LIMIT 1
2020-07-10 22:24:50
select patente, telefono from auto where patente = 'QQQ337'
2020-07-10 22:24:57
select id_auto from auto where patente = 'QQQ336'
2020-07-10 22:24:57
INSERT INTO estaciona_en (auto_id, slot_id, f_inicial) VALUES ('20','10', CURRENT_TIMESTAMP)
2020-07-10 22:24:57
SELECT id FROM estaciona_en ORDER BY id DESC LIMIT 1
2020-07-10 22:25:10
select patente, telefono from auto where patente = 'NAT160'
2020-07-10 22:25:22
select patente, telefono from auto where patente = 'SER610'
2020-07-10 22:25:39
select id_auto from auto where patente = 'SER610'
2020-07-10 22:25:39
INSERT INTO estaciona_en (auto_id, slot_id, f_inicial) VALUES ('12','19', CURRENT_TIMESTAMP)
2020-07-10 22:25:39
SELECT id FROM estaciona_en ORDER BY id DESC LIMIT 1
2020-07-10 22:25:51
select id_auto from auto where patente = 'NAT160'
2020-07-10 22:25:51
INSERT INTO estaciona_en (auto_id, slot_id, f_inicial) VALUES ('13','18', CURRENT_TIMESTAMP)
2020-07-10 22:25:51
SELECT id FROM estaciona_en ORDER BY id DESC LIMIT 1
2020-07-10 22:25:54
select patente, telefono from auto where patente = 'CLA041'
2020-07-10 22:26:03
select id_auto from auto where patente = 'QQQ337'
2020-07-10 22:26:03
INSERT INTO estaciona_en (auto_id, slot_id, f_inicial) VALUES ('21','17', CURRENT_TIMESTAMP)
2020-07-10 22:26:03
SELECT id FROM estaciona_en ORDER BY id DESC LIMIT 1
2020-07-10 22:26:06
select patente, telefono from auto where patente = 'LUC140'
2020-07-10 22:26:15
select id_auto from auto where patente = 'CLA041'
2020-07-10 22:26:15
INSERT INTO estaciona_en (auto_id, slot_id, f_inicial) VALUES ('11','16', CURRENT_TIMESTAMP)
2020-07-10 22:26:15
SELECT id FROM estaciona_en ORDER BY id DESC LIMIT 1
2020-07-10 22:28:15
select patente, telefono from auto where patente = 'EMJ085'
2020-07-10 22:28:43
UPDATE estaciona_en SET f_final = NOW() WHERE id = '94'
2020-07-10 22:28:58
UPDATE estaciona_en SET f_final = NOW() WHERE id = '97'
2020-07-10 22:29:10
UPDATE estaciona_en SET f_final = NOW() WHERE id = '95'
2020-07-10 22:29:20
UPDATE estaciona_en SET f_final = NOW() WHERE id = '96'
2020-07-10 22:29:29
UPDATE estaciona_en SET f_final = NOW() WHERE id = '99'
2020-07-10 22:29:50
select id_auto from auto where patente = 'EMJ085'
2020-07-10 22:29:50
INSERT INTO estaciona_en (auto_id, slot_id, f_inicial) VALUES ('5','01', CURRENT_TIMESTAMP)
2020-07-10 22:29:50
SELECT id FROM estaciona_en ORDER BY id DESC LIMIT 1
2020-07-10 22:29:59
UPDATE estaciona_en SET f_final = NOW() WHERE id = '109'
2020-07-10 22:30:16
UPDATE estaciona_en SET f_final = NOW() WHERE id = '98'
2020-07-10 22:30:40
UPDATE estaciona_en SET f_final = NOW() WHERE id = '104'
2020-07-10 22:30:50
UPDATE estaciona_en SET f_final = NOW() WHERE id = '101'
2020-07-10 22:30:59
UPDATE estaciona_en SET f_final = NOW() WHERE id = '102'
2020-07-10 22:31:06
UPDATE estaciona_en SET f_final = NOW() WHERE id = '103'
2020-07-10 22:31:27
UPDATE estaciona_en SET f_final = NOW() WHERE id = '108'
2020-07-10 22:31:39
UPDATE estaciona_en SET f_final = NOW() WHERE id = '107'
2020-07-10 22:31:50
UPDATE estaciona_en SET f_final = NOW() WHERE id = '106'
2020-07-10 22:32:01
UPDATE estaciona_en SET f_final = NOW() WHERE id = '105'
2020-07-10 22:32:15
UPDATE estaciona_en SET f_final = NOW() WHERE id = '100'
2020-07-11 18:41:19
select patente, telefono from auto where patente = 'AAA123'
2020-07-11 18:55:26
select patente, telefono from auto where patente = 'AAA123'
2020-07-11 18:55:50
select patente, telefono from auto where patente = 'AAA124'
2020-07-11 18:56:08
select patente, telefono from auto where patente = 'ZZZ123'
2020-07-11 18:57:53
select patente, telefono from auto where patente = 'ZZZ123'
2020-07-11 18:58:32
select patente, telefono from auto where patente = 'ZZZ123'
2020-07-11 19:02:26
select patente, telefono from auto where patente = 'XXY033'
2020-07-11 19:02:38
select patente, telefono from auto where patente = 'XXY033'
2020-07-11 19:05:19
select patente, telefono from auto where patente = 'XXY033'
2020-07-11 19:05:32
select patente, telefono from auto where patente = 'XXY033'
2020-07-11 19:11:49
select patente, telefono from auto where patente = 'AAA123'
2020-07-11 19:11:49
select patente, telefono from auto where patente = 'AAA123'
2020-07-11 19:14:48
select patente, telefono from auto where patente = 'AAA123'
2020-07-11 19:17:06
select id_auto from auto where patente = 'AAA123'
2020-07-11 19:17:06
INSERT INTO estaciona_en (auto_id, slot_id, f_inicial) VALUES ('2','01', CURRENT_TIMESTAMP)
2020-07-11 19:17:06
SELECT id FROM estaciona_en ORDER BY id DESC LIMIT 1
2020-07-11 19:20:49
select patente, telefono from auto where patente = 'ZZZ123'
2020-07-11 19:21:18
select patente, telefono from auto where patente = 'XXY033'
2020-07-11 19:23:07
select id_auto from auto where patente = 'XXY033'
2020-07-11 19:23:07
INSERT INTO estaciona_en (auto_id, slot_id, f_inicial) VALUES ('4','03', CURRENT_TIMESTAMP)
2020-07-11 19:23:07
SELECT id FROM estaciona_en ORDER BY id DESC LIMIT 1
2020-07-11 19:24:22
select patente, telefono from auto where patente = 'EMJ085'
2020-07-11 19:26:46
UPDATE estaciona_en SET f_final = NOW() WHERE id = '110'
2020-07-11 19:27:58
UPDATE estaciona_en SET f_final = NOW() WHERE id = '111'
2020-07-11 19:32:40
select patente, telefono from auto where patente = 'IUO988'
2020-07-11 19:34:53
select patente, telefono from auto where patente = 'AAA123'
2020-07-11 19:35:06
select patente, telefono from auto where patente = 'ZZZ123'
2020-07-11 19:35:20
select patente, telefono from auto where patente = 'XXY033'
2020-07-11 19:35:35
select patente, telefono from auto where patente = 'EMJ085'
2020-07-11 19:35:50
select patente, telefono from auto where patente = 'EBU462'
2020-07-11 19:36:01
select patente, telefono from auto where patente = 'TOP333'
2020-07-11 19:36:14
select patente, telefono from auto where patente = 'TOP111'
2020-07-11 19:36:31
select patente, telefono from auto where patente = 'KZD547'
2020-07-11 19:36:49
select patente, telefono from auto where patente = 'LUC140'
2020-07-11 19:37:03
select patente, telefono from auto where patente = 'CLA041'
2020-07-11 19:37:06
select id_auto from auto where patente = 'AAA123'
2020-07-11 19:37:06
INSERT INTO estaciona_en (auto_id, slot_id, f_inicial) VALUES ('2','01', CURRENT_TIMESTAMP)
2020-07-11 19:37:06
SELECT id FROM estaciona_en ORDER BY id DESC LIMIT 1
2020-07-11 19:37:15
select id_auto from auto where patente = 'ZZZ123'
2020-07-11 19:37:15
INSERT INTO estaciona_en (auto_id, slot_id, f_inicial) VALUES ('3','02', CURRENT_TIMESTAMP)
2020-07-11 19:37:15
SELECT id FROM estaciona_en ORDER BY id DESC LIMIT 1
2020-07-11 19:37:15
select patente, telefono from auto where patente = 'SER610'
2020-07-11 19:37:28
select patente, telefono from auto where patente = 'NAT160'
2020-07-11 19:37:41
select patente, telefono from auto where patente = 'QQQ333'
2020-07-11 19:37:47
select id_auto from auto where patente = 'XXY033'
2020-07-11 19:37:47
INSERT INTO estaciona_en (auto_id, slot_id, f_inicial) VALUES ('4','03', CURRENT_TIMESTAMP)
2020-07-11 19:37:47
SELECT id FROM estaciona_en ORDER BY id DESC LIMIT 1
2020-07-11 19:37:53
select patente, telefono from auto where patente = 'QQQ332'
2020-07-11 19:38:03
select id_auto from auto where patente = 'EMJ085'
2020-07-11 19:38:03
INSERT INTO estaciona_en (auto_id, slot_id, f_inicial) VALUES ('5','04', CURRENT_TIMESTAMP)
2020-07-11 19:38:03
SELECT id FROM estaciona_en ORDER BY id DESC LIMIT 1
2020-07-11 19:38:05
select patente, telefono from auto where patente = 'QQQ331'
2020-07-11 19:38:14
select id_auto from auto where patente = 'EBU462'
2020-07-11 19:38:14
INSERT INTO estaciona_en (auto_id, slot_id, f_inicial) VALUES ('6','05', CURRENT_TIMESTAMP)
2020-07-11 19:38:14
SELECT id FROM estaciona_en ORDER BY id DESC LIMIT 1
2020-07-11 19:38:21
select patente, telefono from auto where patente = 'QQQ330'
2020-07-11 19:38:30
select id_auto from auto where patente = 'TOP333'
2020-07-11 19:38:30
INSERT INTO estaciona_en (auto_id, slot_id, f_inicial) VALUES ('7','06', CURRENT_TIMESTAMP)
2020-07-11 19:38:30
SELECT id FROM estaciona_en ORDER BY id DESC LIMIT 1
2020-07-11 19:38:33
select patente, telefono from auto where patente = 'QQQ334'
2020-07-11 19:38:39
select id_auto from auto where patente = 'TOP111'
2020-07-11 19:38:39
INSERT INTO estaciona_en (auto_id, slot_id, f_inicial) VALUES ('8','07', CURRENT_TIMESTAMP)
2020-07-11 19:38:39
SELECT id FROM estaciona_en ORDER BY id DESC LIMIT 1
2020-07-11 19:38:46
select patente, telefono from auto where patente = 'QQQ335'
2020-07-11 19:38:52
select id_auto from auto where patente = 'KZD547'
2020-07-11 19:38:52
INSERT INTO estaciona_en (auto_id, slot_id, f_inicial) VALUES ('9','08', CURRENT_TIMESTAMP)
2020-07-11 19:38:52
SELECT id FROM estaciona_en ORDER BY id DESC LIMIT 1
2020-07-11 19:38:59
select patente, telefono from auto where patente = 'QQQ336'
2020-07-11 19:39:03
select id_auto from auto where patente = 'LUC140'
2020-07-11 19:39:03
INSERT INTO estaciona_en (auto_id, slot_id, f_inicial) VALUES ('10','09', CURRENT_TIMESTAMP)
2020-07-11 19:39:03
SELECT id FROM estaciona_en ORDER BY id DESC LIMIT 1
2020-07-11 19:39:12
select patente, telefono from auto where patente = 'QQQ337'
2020-07-11 19:39:15
select id_auto from auto where patente = 'CLA041'
2020-07-11 19:39:15
INSERT INTO estaciona_en (auto_id, slot_id, f_inicial) VALUES ('11','10', CURRENT_TIMESTAMP)
2020-07-11 19:39:15
SELECT id FROM estaciona_en ORDER BY id DESC LIMIT 1
2020-07-11 19:39:32
select id_auto from auto where patente = 'SER610'
2020-07-11 19:39:32
INSERT INTO estaciona_en (auto_id, slot_id, f_inicial) VALUES ('12','11', CURRENT_TIMESTAMP)
2020-07-11 19:39:32
SELECT id FROM estaciona_en ORDER BY id DESC LIMIT 1
2020-07-11 19:39:41
select id_auto from auto where patente = 'NAT160'
2020-07-11 19:39:41
INSERT INTO estaciona_en (auto_id, slot_id, f_inicial) VALUES ('13','12', CURRENT_TIMESTAMP)
2020-07-11 19:39:41
SELECT id FROM estaciona_en ORDER BY id DESC LIMIT 1
2020-07-11 19:39:52
select id_auto from auto where patente = 'QQQ333'
2020-07-11 19:39:52
INSERT INTO estaciona_en (auto_id, slot_id, f_inicial) VALUES ('14','13', CURRENT_TIMESTAMP)
2020-07-11 19:39:52
SELECT id FROM estaciona_en ORDER BY id DESC LIMIT 1
2020-07-11 19:40:06
select id_auto from auto where patente = 'QQQ332'
2020-07-11 19:40:06
INSERT INTO estaciona_en (auto_id, slot_id, f_inicial) VALUES ('15','14', CURRENT_TIMESTAMP)
2020-07-11 19:40:06
SELECT id FROM estaciona_en ORDER BY id DESC LIMIT 1
2020-07-11 19:40:14
select id_auto from auto where patente = 'QQQ331'
2020-07-11 19:40:14
INSERT INTO estaciona_en (auto_id, slot_id, f_inicial) VALUES ('16','15', CURRENT_TIMESTAMP)
2020-07-11 19:40:14
SELECT id FROM estaciona_en ORDER BY id DESC LIMIT 1
2020-07-11 19:40:29
select id_auto from auto where patente = 'QQQ330'
2020-07-11 19:40:30
INSERT INTO estaciona_en (auto_id, slot_id, f_inicial) VALUES ('17','16', CURRENT_TIMESTAMP)
2020-07-11 19:40:30
SELECT id FROM estaciona_en ORDER BY id DESC LIMIT 1
2020-07-11 19:40:40
select id_auto from auto where patente = 'QQQ334'
2020-07-11 19:40:40
INSERT INTO estaciona_en (auto_id, slot_id, f_inicial) VALUES ('18','17', CURRENT_TIMESTAMP)
2020-07-11 19:40:40
SELECT id FROM estaciona_en ORDER BY id DESC LIMIT 1
2020-07-11 19:40:47
select id_auto from auto where patente = 'QQQ335'
2020-07-11 19:40:47
INSERT INTO estaciona_en (auto_id, slot_id, f_inicial) VALUES ('19','18', CURRENT_TIMESTAMP)
2020-07-11 19:40:47
SELECT id FROM estaciona_en ORDER BY id DESC LIMIT 1
2020-07-11 19:40:54
select id_auto from auto where patente = 'QQQ336'
2020-07-11 19:40:54
INSERT INTO estaciona_en (auto_id, slot_id, f_inicial) VALUES ('20','19', CURRENT_TIMESTAMP)
2020-07-11 19:40:54
SELECT id FROM estaciona_en ORDER BY id DESC LIMIT 1
2020-07-11 19:41:03
select id_auto from auto where patente = 'QQQ337'
2020-07-11 19:41:03
INSERT INTO estaciona_en (auto_id, slot_id, f_inicial) VALUES ('21','20', CURRENT_TIMESTAMP)
2020-07-11 19:41:03
SELECT id FROM estaciona_en ORDER BY id DESC LIMIT 1
2020-07-11 19:42:19
select patente, telefono from auto where patente = 'FFF123'
2020-07-11 19:43:03
UPDATE estaciona_en SET f_final = NOW() WHERE id = '126'
2020-07-11 19:43:26
select patente, telefono from auto where patente = 'FFF123'
2020-07-11 19:43:52
select id_auto from auto where patente = 'FFF123'
2020-07-11 19:43:52
INSERT INTO estaciona_en (auto_id, slot_id, f_inicial) VALUES ('22','15', CURRENT_TIMESTAMP)
2020-07-11 19:43:52
SELECT id FROM estaciona_en ORDER BY id DESC LIMIT 1
2020-07-28 01:46:58
select patente, telefono from auto where patente = 'AAA123'
2020-07-28 01:47:55
select id_auto from auto where patente = 'AAA123'
2020-07-28 01:47:55
INSERT INTO estaciona_en (auto_id, slot_id, f_inicial) VALUES ('2','02', CURRENT_TIMESTAMP)
2020-07-28 01:47:55
SELECT id FROM estaciona_en ORDER BY id DESC LIMIT 1
2020-07-28 01:48:17
select patente, telefono from auto where patente = 'AAA123'
2020-07-28 01:48:27
select patente, telefono from auto where patente = 'ZZZ123'
2020-07-28 01:52:54
select patente, telefono from auto where patente = 'XXY033'
2020-07-28 01:53:57
select patente, telefono from auto where patente = 'XXY033'
2020-07-28 01:58:41
select patente, telefono from auto where patente = 'EMJ085'
2020-07-28 01:58:51
select patente, telefono from auto where patente = 'EMJ085'
2020-07-28 02:00:10
select patente, telefono from auto where patente = 'EMJ085'
2020-07-28 02:01:23
select patente, telefono from auto where patente = 'EMJ085'
2020-07-28 02:03:02
select patente, telefono from auto where patente = 'EBU462'
2020-07-28 02:03:09
select patente, telefono from auto where patente = 'EBU462'
2020-07-28 02:05:51
select patente, telefono from auto where patente = 'EBU462'
2020-07-28 02:10:26
select patente, telefono from auto where patente = 'EBU462'
2020-07-28 02:10:31
select patente, telefono from auto where patente = 'EBU462'
2020-07-28 02:21:46
select patente, telefono from auto where patente = 'EBU462'
2020-07-28 02:22:32
select patente, telefono from auto where patente = 'EBU462'
2020-07-28 02:24:22
select patente, telefono from auto where patente = 'EBU462'
2020-07-28 02:27:52
select patente, telefono from auto where patente = 'EBU462'
2020-07-28 02:28:09
select patente, telefono from auto where patente = 'EBU462'
2020-07-28 02:28:59
select patente, telefono from auto where patente = 'EBU462'
2020-07-28 02:31:12
select patente, telefono from auto where patente = 'EBU462'
2020-07-28 02:33:24
select patente, telefono from auto where patente = 'EBU462'
2020-07-28 02:34:41
select patente, telefono from auto where patente = 'EBU462'
2020-07-28 02:38:41
select patente, telefono from auto where patente = 'EBU462'
2020-07-28 02:38:45
select patente, telefono from auto where patente = 'EBU462'
2020-07-28 02:38:51
select patente, telefono from auto where patente = 'EBU462'
2020-07-28 02:39:23
select patente, telefono from auto where patente = 'TOP333'
2020-07-28 02:41:41
select patente, telefono from auto where patente = 'TOP111'
2020-07-28 02:41:54
select patente, telefono from auto where patente = 'KZD547'
2020-07-28 02:41:59
select patente, telefono from auto where patente = 'KZD547'
2020-07-28 02:42:08
select patente, telefono from auto where patente = 'KZD547'
2020-07-28 02:42:16
select patente, telefono from auto where patente = 'AGU123'
2020-07-28 02:42:33
select patente, telefono from auto where patente = 'PUT123'
2020-07-28 02:42:52
select patente, telefono from auto where patente = 'PUT000'
2020-07-28 02:43:24
select patente, telefono from auto where patente = 'LUC140'
2020-07-28 02:54:58
select patente, telefono from auto where patente = 'SER610'
2020-07-28 02:55:07
select patente, telefono from auto where patente = 'SER610'
2020-07-28 02:55:13
select patente, telefono from auto where patente = 'SER610'
2020-07-28 02:55:24
select patente, telefono from auto where patente = 'AAA123'
2020-07-28 02:59:48
select patente, telefono from auto where patente = 'AAA123'
2020-08-17 22:28:19
select patente, telefono from auto where patente = 'QQQ334'
2020-08-17 22:29:12
UPDATE estaciona_en SET f_final = NOW() WHERE id = 'error'
2020-08-17 22:29:37
select id_auto from auto where patente = 'QQQ334'
2020-08-17 22:29:37
INSERT INTO estaciona_en (auto_id, slot_id, f_inicial) VALUES ('18','02', CURRENT_TIMESTAMP)
2020-08-17 22:29:37
SELECT id FROM estaciona_en ORDER BY id DESC LIMIT 1
2020-08-17 22:30:04
UPDATE estaciona_en SET f_final = NOW() WHERE id = 'error'
2020-08-17 22:30:18
UPDATE estaciona_en SET f_final = NOW() WHERE id = '134'
2020-08-17 23:00:49
select patente, telefono from auto where patente = 'AAA123'
2020-08-17 23:01:22
select patente, telefono from auto where patente = 'AAA123'
2020-08-17 23:02:02
select patente, telefono from auto where patente = 'AGU231'
2020-08-18 03:23:18
select patente, telefono from auto where patente = 'QQQ334'
2020-08-18 03:23:29
select patente, telefono from auto where patente = 'AAA123'
2020-08-18 03:23:45
select id_auto from auto where patente = 'AAA123'
2020-08-18 03:23:45
INSERT INTO estaciona_en (auto_id, slot_id, f_inicial) VALUES ('2','09', CURRENT_TIMESTAMP)
2020-08-18 03:23:45
SELECT id FROM estaciona_en ORDER BY id DESC LIMIT 1
